<?xml version="1.0" encoding="UTF-8"?>
<!-- Generated by org.testng.reporters.JUnitReportReporter -->
<testsuite hostname="Ramling" failures="0" tests="1" name="com.qa.test.sauce_01" time="1.304" errors="0" timestamp="2023-03-03T15:48:36 IST" skipped="0">
  <testcase classname="com.qa.test.sauce_01" name="loginTOSauce" time="1.304"/>
  <system-out/>
</testsuite> <!-- com.qa.test.sauce_01 -->
