<?xml version="1.0" encoding="UTF-8"?>
<!-- Generated by org.testng.reporters.JUnitReportReporter -->
<testsuite hostname="Ramling" failures="0" tests="1" name="com.qa.utility.TestNG_Engine2" time="0.897" errors="0" timestamp="2023-03-02T15:14:03 IST" skipped="0">
  <testcase classname="com.qa.utility.TestNG_Engine2" name="TestGun" time="0.897"/>
  <system-out/>
</testsuite> <!-- com.qa.utility.TestNG_Engine2 -->
