<?xml version="1.0" encoding="UTF-8"?>
<!-- Generated by org.testng.reporters.JUnitReportReporter -->
<testsuite hostname="Ramling" failures="0" tests="1" name="com.qa.test.TC_01_CheckAll_Items_Displayed" time="1.766" errors="0" timestamp="2023-03-03T17:29:35 IST" skipped="0">
  <testcase classname="com.qa.test.TC_01_CheckAll_Items_Displayed" name="CheckAll_Items_Displayed" time="1.766"/>
  <system-out/>
</testsuite> <!-- com.qa.test.TC_01_CheckAll_Items_Displayed -->
