<?xml version="1.0" encoding="UTF-8"?>
<!-- Generated by org.testng.reporters.JUnitReportReporter -->
<testsuite hostname="Ramling" failures="0" tests="1" name="com.qa.test.Sauce_product_ApiQuality" time="12.448" errors="0" timestamp="2023-03-07T00:39:15 IST" skipped="0">
  <testcase classname="com.qa.test.Sauce_product_ApiQuality" name="removefromcart" time="12.448"/>
  <system-out/>
</testsuite> <!-- com.qa.test.Sauce_product_ApiQuality -->
