<?xml version="1.0" encoding="UTF-8"?>
<!-- Generated by org.testng.reporters.JUnitReportReporter -->
<testsuite hostname="Ramling" failures="0" tests="1" name="com.qa.test.TC_02_Remove_from_cart" time="1.590" errors="0" timestamp="2023-03-04T12:15:54 IST" skipped="0">
  <testcase classname="com.qa.test.TC_02_Remove_from_cart" name="removefromcart" time="1.590"/>
  <system-out/>
</testsuite> <!-- com.qa.test.TC_02_Remove_from_cart -->
