<?xml version="1.0" encoding="UTF-8"?>
<!-- Generated by org.testng.reporters.JUnitReportReporter -->
<testsuite hostname="Ramling" failures="0" tests="1" name="com.qa.utility.TestNG_Engine" time="10.642" errors="0" timestamp="2023-03-04T00:00:42 IST" skipped="0">
  <testcase classname="com.qa.utility.TestNG_Engine" name="TestGun" time="10.642"/>
  <system-out/>
</testsuite> <!-- com.qa.utility.TestNG_Engine -->
