<?xml version="1.0" encoding="UTF-8"?>
<!-- Generated by org.testng.reporters.JUnitReportReporter -->
<testsuite hostname="Ramling" failures="0" tests="1" name="com.qa.test.PTC_001" time="6.190" errors="0" timestamp="2023-01-18T17:58:37 IST" skipped="0">
  <testcase classname="com.qa.test.PTC_001" name="method1" time="6.190"/>
  <system-out/>
</testsuite> <!-- com.qa.test.PTC_001 -->
