<?xml version="1.0" encoding="UTF-8"?>
<!-- Generated by org.testng.reporters.JUnitReportReporter -->
<testsuite hostname="Ramling" failures="0" tests="1" name="com.qa.test.Nop_com_login_001" time="2.416" errors="0" timestamp="2023-03-02T15:55:08 IST" skipped="0">
  <testcase classname="com.qa.test.Nop_com_login_001" name="login" time="2.416"/>
  <system-out/>
</testsuite> <!-- com.qa.test.Nop_com_login_001 -->
