<?xml version="1.0" encoding="UTF-8"?>
<!-- Generated by org.testng.reporters.JUnitReportReporter -->
<testsuite hostname="Ramling" failures="0" tests="1" name="com.qa.test.About_Detail" time="47.092" errors="0" timestamp="2023-03-04T13:03:46 IST" skipped="0">
  <testcase classname="com.qa.test.About_Detail" name="AboutDetail" time="47.092"/>
  <system-out/>
</testsuite> <!-- com.qa.test.About_Detail -->
