<?xml version="1.0" encoding="UTF-8"?>
<!-- Generated by org.testng.reporters.JUnitReportReporter -->
<testsuite hostname="Ramling" failures="0" tests="1" name="com.qa.utility.TestNG_Engine" time="0.835" errors="0" timestamp="02 Mar 2023 09:27:01 GMT" skipped="0">
  <testcase classname="com.qa.utility.TestNG_Engine" name="TestGun" time="0.835"/>
</testsuite> <!-- com.qa.utility.TestNG_Engine -->
